<?xml version="1.0" encoding="UTF-8"?>
<testng-results ignored="0" total="1" passed="1" failed="0" skipped="0">
  <reporter-output>
  </reporter-output>
  <suite started-at="2024-05-01T16:23:02 IST" name="Default suite" finished-at="2024-05-01T16:23:07 IST" duration-ms="4999">
    <groups>
    </groups>
    <test started-at="2024-05-01T16:23:02 IST" name="Default test" finished-at="2024-05-01T16:23:07 IST" duration-ms="4999">
      <class name="com.facebook.tests.LoginPageTest">
        <test-method signature="loginTest()[pri:0, instance:com.facebook.tests.LoginPageTest@48075da3]" started-at="2024-05-01T16:23:02 IST" name="loginTest" finished-at="2024-05-01T16:23:07 IST" duration-ms="4736" status="PASS">
          <reporter-output>
          </reporter-output>
        </test-method> <!-- loginTest -->
        <test-method is-config="true" signature="tearDown()[pri:0, instance:com.facebook.tests.LoginPageTest@48075da3]" started-at="2024-05-01T16:23:07 IST" name="tearDown" finished-at="2024-05-01T16:23:07 IST" duration-ms="184" status="PASS">
          <reporter-output>
          </reporter-output>
        </test-method> <!-- tearDown -->
      </class> <!-- com.facebook.tests.LoginPageTest -->
    </test> <!-- Default test -->
  </suite> <!-- Default suite -->
</testng-results>
